<?xml version="1.0" encoding="UTF-8"?>
<!-- Generated by org.testng.reporters.JUnitReportReporter -->
<testsuite skipped="0" hostname="DESKTOP-302Q34G" name="com.easemytrip.qa.tests.HomePageTest" tests="5" failures="1" timestamp="2021-05-15T21:55:33 IST" time="69.373" errors="0">
  <testcase name="validateSearchFlight" time="14.543" classname="com.easemytrip.qa.tests.HomePageTest"/>
  <system-out/>
  <testcase name="validateSearchFlight" time="13.285" classname="com.easemytrip.qa.tests.HomePageTest"/>
  <system-out/>
  <testcase name="validateuserlogo" time="13.834" classname="com.easemytrip.qa.tests.HomePageTest"/>
  <system-out/>
  <testcase name="usrLogOutTest" time="15.481" classname="com.easemytrip.qa.tests.HomePageTest"/>
  <system-out/>
  <testcase name="validateMenuTabs" time="12.230" classname="com.easemytrip.qa.tests.HomePageTest">
    <failure type="java.lang.AssertionError" message="the labels of the tabs did not match: lists don&#039;t have the same size expected [11] but found [10]">
      <![CDATA[java.lang.AssertionError: the labels of the tabs did not match: lists don't have the same size expected [11] but found [10]
at org.testng.Assert.fail(Assert.java:97)
at org.testng.Assert.assertEqualsImpl(Assert.java:136)
at org.testng.Assert.assertEquals(Assert.java:118)
at org.testng.Assert.assertEquals(Assert.java:839)
at org.testng.Assert.assertEquals(Assert.java:1017)
at com.easemytrip.qa.tests.HomePageTest.validateMenuTabs(HomePageTest.java:71)
at sun.reflect.NativeMethodAccessorImpl.invoke0(Native Method)
at sun.reflect.NativeMethodAccessorImpl.invoke(NativeMethodAccessorImpl.java:62)
at sun.reflect.DelegatingMethodAccessorImpl.invoke(DelegatingMethodAccessorImpl.java:43)
at java.lang.reflect.Method.invoke(Method.java:498)
at org.testng.internal.MethodInvocationHelper.invokeMethod(MethodInvocationHelper.java:134)
at org.testng.internal.TestInvoker.invokeMethod(TestInvoker.java:597)
at org.testng.internal.TestInvoker.invokeTestMethod(TestInvoker.java:173)
at org.testng.internal.MethodRunner.runInSequence(MethodRunner.java:46)
at org.testng.internal.TestInvoker$MethodInvocationAgent.invoke(TestInvoker.java:816)
at org.testng.internal.TestInvoker.invokeTestMethods(TestInvoker.java:146)
at org.testng.internal.TestMethodWorker.invokeTestMethods(TestMethodWorker.java:146)
at org.testng.internal.TestMethodWorker.run(TestMethodWorker.java:128)
at java.util.ArrayList.forEach(ArrayList.java:1257)
at org.testng.TestRunner.privateRun(TestRunner.java:766)
at org.testng.TestRunner.run(TestRunner.java:587)
at org.testng.SuiteRunner.runTest(SuiteRunner.java:384)
at org.testng.SuiteRunner.runSequentially(SuiteRunner.java:378)
at org.testng.SuiteRunner.privateRun(SuiteRunner.java:337)
at org.testng.SuiteRunner.run(SuiteRunner.java:286)
at org.testng.SuiteRunnerWorker.runSuite(SuiteRunnerWorker.java:53)
at org.testng.SuiteRunnerWorker.run(SuiteRunnerWorker.java:96)
at org.testng.TestNG.runSuitesSequentially(TestNG.java:1187)
at org.testng.TestNG.runSuitesLocally(TestNG.java:1109)
at org.testng.TestNG.runSuites(TestNG.java:1039)
at org.testng.TestNG.run(TestNG.java:1007)
at org.testng.remote.AbstractRemoteTestNG.run(AbstractRemoteTestNG.java:115)
at org.testng.remote.RemoteTestNG.initAndRun(RemoteTestNG.java:251)
at org.testng.remote.RemoteTestNG.main(RemoteTestNG.java:77)
]]>
    </failure>
  </testcase> <!-- validateMenuTabs -->
  <system-out/>
</testsuite> <!-- com.easemytrip.qa.tests.HomePageTest -->
