<?xml version="1.0" encoding="UTF-8"?>
<!-- Generated by org.testng.reporters.JUnitXMLReporter -->
<testsuite hostname="DESKTOP-302Q34G" ignored="0" name="EaseMyTripTestCases" tests="8" failures="0" timestamp="2021-05-15T21:44:49 IST" time="1.287" errors="0">
  <testcase name="@BeforeMethod SetUp" time="0.11" classname="com.easemytrip.qa.tests.LoginPageTest">
    <failure type="java.lang.IllegalStateException" message="The driver executable does not exist: D:\Study\Naveen Automation\Latest chrome driver version 84\chromedriver_win32\chromedriver.exe">
      <![CDATA[java.lang.IllegalStateException: The driver executable does not exist: D:\Study\Naveen Automation\Latest chrome driver version 84\chromedriver_win32\chromedriver.exe
at com.google.common.base.Preconditions.checkState(Preconditions.java:589)
at org.openqa.selenium.remote.service.DriverService.checkExecutable(DriverService.java:146)
at org.openqa.selenium.remote.service.DriverService.findExecutable(DriverService.java:141)
at org.openqa.selenium.chrome.ChromeDriverService.access$000(ChromeDriverService.java:35)
at org.openqa.selenium.chrome.ChromeDriverService$Builder.findDefaultExecutable(ChromeDriverService.java:159)
at org.openqa.selenium.remote.service.DriverService$Builder.build(DriverService.java:355)
at org.openqa.selenium.chrome.ChromeDriverService.createDefaultService(ChromeDriverService.java:94)
at org.openqa.selenium.chrome.ChromeDriver.<init>(ChromeDriver.java:123)
at com.easemytrip.qa.base.Testbase.initialization(Testbase.java:48)
at com.easemytrip.qa.tests.LoginPageTest.SetUp(LoginPageTest.java:25)
at java.util.ArrayList.forEach(ArrayList.java:1257)
... Removed 31 stack frames]]>
    </failure>
  </testcase> <!-- @BeforeMethod SetUp -->
  <testcase name="@AfterMethod teardown" time="-1.621095288471E9" classname="com.easemytrip.qa.tests.LoginPageTest">
    <skipped/>
  </testcase> <!-- @AfterMethod teardown -->
  <testcase name="@BeforeMethod SetUp" time="-1.62109528848E9" classname="com.easemytrip.qa.tests.LoginPageTest">
    <skipped/>
  </testcase> <!-- @BeforeMethod SetUp -->
  <testcase name="@AfterMethod teardown" time="-1.621095288489E9" classname="com.easemytrip.qa.tests.LoginPageTest">
    <skipped/>
  </testcase> <!-- @AfterMethod teardown -->
  <testcase name="@BeforeMethod setup" time="0.01" classname="com.easemytrip.qa.tests.RegistrationPageTest">
    <failure type="java.lang.IllegalStateException" message="The driver executable does not exist: D:\Study\Naveen Automation\Latest chrome driver version 84\chromedriver_win32\chromedriver.exe">
      <![CDATA[java.lang.IllegalStateException: The driver executable does not exist: D:\Study\Naveen Automation\Latest chrome driver version 84\chromedriver_win32\chromedriver.exe
at com.google.common.base.Preconditions.checkState(Preconditions.java:589)
at org.openqa.selenium.remote.service.DriverService.checkExecutable(DriverService.java:146)
at org.openqa.selenium.remote.service.DriverService.findExecutable(DriverService.java:141)
at org.openqa.selenium.chrome.ChromeDriverService.access$000(ChromeDriverService.java:35)
at org.openqa.selenium.chrome.ChromeDriverService$Builder.findDefaultExecutable(ChromeDriverService.java:159)
at org.openqa.selenium.remote.service.DriverService$Builder.build(DriverService.java:355)
at org.openqa.selenium.chrome.ChromeDriverService.createDefaultService(ChromeDriverService.java:94)
at org.openqa.selenium.chrome.ChromeDriver.<init>(ChromeDriver.java:123)
at com.easemytrip.qa.base.Testbase.initialization(Testbase.java:48)
at com.easemytrip.qa.tests.RegistrationPageTest.setup(RegistrationPageTest.java:24)
at java.util.ArrayList.forEach(ArrayList.java:1257)
... Removed 31 stack frames]]>
    </failure>
  </testcase> <!-- @BeforeMethod setup -->
  <testcase name="@AfterMethod teardown" time="-1.621095288508E9" classname="com.easemytrip.qa.tests.RegistrationPageTest">
    <skipped/>
  </testcase> <!-- @AfterMethod teardown -->
  <testcase name="@BeforeMethod Setup" time="0.013" classname="com.easemytrip.qa.tests.HomePageTest">
    <failure type="java.lang.IllegalStateException" message="The driver executable does not exist: D:\Study\Naveen Automation\Latest chrome driver version 84\chromedriver_win32\chromedriver.exe">
      <![CDATA[java.lang.IllegalStateException: The driver executable does not exist: D:\Study\Naveen Automation\Latest chrome driver version 84\chromedriver_win32\chromedriver.exe
at com.google.common.base.Preconditions.checkState(Preconditions.java:589)
at org.openqa.selenium.remote.service.DriverService.checkExecutable(DriverService.java:146)
at org.openqa.selenium.remote.service.DriverService.findExecutable(DriverService.java:141)
at org.openqa.selenium.chrome.ChromeDriverService.access$000(ChromeDriverService.java:35)
at org.openqa.selenium.chrome.ChromeDriverService$Builder.findDefaultExecutable(ChromeDriverService.java:159)
at org.openqa.selenium.remote.service.DriverService$Builder.build(DriverService.java:355)
at org.openqa.selenium.chrome.ChromeDriverService.createDefaultService(ChromeDriverService.java:94)
at org.openqa.selenium.chrome.ChromeDriver.<init>(ChromeDriver.java:123)
at com.easemytrip.qa.base.Testbase.initialization(Testbase.java:48)
at com.easemytrip.qa.tests.HomePageTest.Setup(HomePageTest.java:38)
at java.util.ArrayList.forEach(ArrayList.java:1257)
... Removed 31 stack frames]]>
    </failure>
  </testcase> <!-- @BeforeMethod Setup -->
  <testcase name="@AfterMethod teardown" time="-1.621095289477E9" classname="com.easemytrip.qa.tests.HomePageTest">
    <skipped/>
  </testcase> <!-- @AfterMethod teardown -->
  <testcase name="@BeforeMethod Setup" time="-1.62109528948E9" classname="com.easemytrip.qa.tests.HomePageTest">
    <skipped/>
  </testcase> <!-- @BeforeMethod Setup -->
  <testcase name="@AfterMethod teardown" time="-1.621095289488E9" classname="com.easemytrip.qa.tests.HomePageTest">
    <skipped/>
  </testcase> <!-- @AfterMethod teardown -->
  <testcase name="@BeforeMethod Setup" time="-1.621095289491E9" classname="com.easemytrip.qa.tests.HomePageTest">
    <skipped/>
  </testcase> <!-- @BeforeMethod Setup -->
  <testcase name="@AfterMethod teardown" time="-1.621095289499E9" classname="com.easemytrip.qa.tests.HomePageTest">
    <skipped/>
  </testcase> <!-- @AfterMethod teardown -->
  <testcase name="@BeforeMethod Setup" time="-1.62109528951E9" classname="com.easemytrip.qa.tests.HomePageTest">
    <skipped/>
  </testcase> <!-- @BeforeMethod Setup -->
  <testcase name="@AfterMethod teardown" time="-1.621095289531E9" classname="com.easemytrip.qa.tests.HomePageTest">
    <skipped/>
  </testcase> <!-- @AfterMethod teardown -->
  <testcase name="@BeforeMethod Setup" time="-1.621095289539E9" classname="com.easemytrip.qa.tests.HomePageTest">
    <skipped/>
  </testcase> <!-- @BeforeMethod Setup -->
  <testcase name="@AfterMethod teardown" time="-1.62109528955E9" classname="com.easemytrip.qa.tests.HomePageTest">
    <skipped/>
  </testcase> <!-- @AfterMethod teardown -->
  <testcase name="loginPageTitleTest" time="0.0" classname="com.easemytrip.qa.tests.LoginPageTest">
    <skipped/>
  </testcase> <!-- loginPageTitleTest -->
  <testcase name="loginPagetTest" time="0.0" classname="com.easemytrip.qa.tests.LoginPageTest">
    <skipped/>
  </testcase> <!-- loginPagetTest -->
  <testcase name="validateRegistrationTest" time="0.0" classname="com.easemytrip.qa.tests.RegistrationPageTest">
    <skipped/>
  </testcase> <!-- validateRegistrationTest -->
  <testcase name="validateSearchFlight" time="0.0" classname="com.easemytrip.qa.tests.HomePageTest">
    <skipped/>
  </testcase> <!-- validateSearchFlight -->
  <testcase name="validateSearchFlight" time="0.0" classname="com.easemytrip.qa.tests.HomePageTest">
    <skipped/>
  </testcase> <!-- validateSearchFlight -->
  <testcase name="validateuserlogo" time="0.0" classname="com.easemytrip.qa.tests.HomePageTest">
    <skipped/>
  </testcase> <!-- validateuserlogo -->
  <testcase name="usrLogOutTest" time="0.0" classname="com.easemytrip.qa.tests.HomePageTest">
    <skipped/>
  </testcase> <!-- usrLogOutTest -->
  <testcase name="validateMenuTabs" time="0.0" classname="com.easemytrip.qa.tests.HomePageTest">
    <skipped/>
  </testcase> <!-- validateMenuTabs -->
</testsuite> <!-- EaseMyTripTestCases -->
